2023-05-17 18:32:15,532 [INFO] Activator:176 - 


2023-05-17 18:32:15,536 [INFO] Activator:177 - !SESSION log4j initialized
2023-05-17 18:32:21,697 [INFO] LogOutputStream:77 - [STDOUT_REDIRECT] 
2023-05-17 18:32:23,198 [INFO] LogOutputStream:77 - [STDOUT_REDIRECT] 
2023-05-17 18:32:23,701 [ERROR] LogOutputStream:75 - [STDERR_REDIRECT] May 17, 2023 6:32:23 PM org.glassfish.grizzly.http.server.NetworkListener start
2023-05-17 18:32:23,701 [ERROR] LogOutputStream:75 - [STDERR_REDIRECT] INFO: Started listener bound to [localhost:1593]
2023-05-17 18:32:23,701 [ERROR] LogOutputStream:75 - [STDERR_REDIRECT] 
2023-05-17 18:32:23,702 [ERROR] LogOutputStream:75 - [STDERR_REDIRECT] May 17, 2023 6:32:23 PM org.glassfish.grizzly.http.server.HttpServer start
2023-05-17 18:32:23,702 [ERROR] LogOutputStream:75 - [STDERR_REDIRECT] INFO: [HttpServer] Started.
2023-05-17 18:32:23,702 [ERROR] LogOutputStream:75 - [STDERR_REDIRECT] 
2023-05-17 18:35:08,366 [INFO] McuFinderGlobals:53 - Set McuFinder mode to 2 (CubeIDE integrated)
2023-05-17 18:35:08,719 [INFO] ApplicationProperties:184 - Using Application install path: /Applications/STM32CubeIDE.app/Contents/Eclipse/plugins/com.st.stm32cube.common.mx_6.8.1.202304191431
2023-05-17 18:35:08,743 [INFO] DbMcusXml:78 - Set database path to: /Applications/STM32CubeIDE.app/Contents/Eclipse/plugins/com.st.stm32cube.common.mx_6.8.1.202304191431//db//mcu/
2023-05-17 18:35:08,743 [INFO] ApiDb:274 - Set plugin database path to: /Applications/STM32CubeIDE.app/Contents/Eclipse/plugins/com.st.stm32cube.common.mx_6.8.1.202304191431//db//plugins/boardmanager/
2023-05-17 18:35:08,749 [WARN] ApiDb:259 - Overriding images path with different value:  => /Applications/STM32CubeIDE.app/Contents/Eclipse/plugins/com.st.stm32cube.common.mx_6.8.1.202304191431//db//plugins/mcufinder/images/
2023-05-17 18:35:08,786 [INFO] ApiDb:250 - Set database path to: /Users/comradeos/.stmcufinder/plugins/mcufinder//mcu/
2023-05-17 18:35:08,788 [INFO] DbMcusAds:125 - Set database path to: /Users/comradeos/.stmcufinder/plugins/mcufinder//mcu/
2023-05-17 18:35:09,012 [INFO] CrossReferenceDbSqlite:203 - Set database path to: /Users/comradeos/.stmcufinder/plugins/mcufinder//mcu/cs/
2023-05-17 18:35:09,239 [INFO] RulesReader:64 - Compatibility file has been processed (293 Rules)
2023-05-17 18:35:09,328 [INFO] DbMcusXml:78 - Set database path to: /Applications/STM32CubeIDE.app/Contents/Eclipse/plugins/com.st.stm32cube.common.mx_6.8.1.202304191431//db//mcu/
2023-05-17 18:35:09,328 [INFO] ApiDb:274 - Set plugin database path to: /Applications/STM32CubeIDE.app/Contents/Eclipse/plugins/com.st.stm32cube.common.mx_6.8.1.202304191431//db//plugins/boardmanager/
2023-05-17 18:35:09,328 [INFO] ApiDb:261 - Set plugin images path to: /Applications/STM32CubeIDE.app/Contents/Eclipse/plugins/com.st.stm32cube.common.mx_6.8.1.202304191431//db//plugins/mcufinder/images/
2023-05-17 18:35:09,329 [WARN] DbFile:41 - Overriding database path with different value: /Users/comradeos/.stmcufinder/plugins/mcufinder/ => /Users/comradeos/.stmcufinder/plugins/mcufinder
2023-05-17 18:35:09,329 [INFO] ApiDb:250 - Set database path to: /Users/comradeos/.stmcufinder/plugins/mcufinder//mcu/
2023-05-17 18:35:09,329 [WARN] DbFile:41 - Overriding database path with different value: /Users/comradeos/.stmcufinder/plugins/mcufinder/ => /Users/comradeos/.stmcufinder/plugins/mcufinder
2023-05-17 18:35:09,329 [INFO] DbMcusAds:125 - Set database path to: /Users/comradeos/.stmcufinder/plugins/mcufinder//mcu/
2023-05-17 18:35:09,329 [WARN] DbFile:41 - Overriding database path with different value: /Users/comradeos/.stmcufinder/plugins/mcufinder/ => /Users/comradeos/.stmcufinder/plugins/mcufinder
2023-05-17 18:35:09,329 [WARN] DbFile:41 - Overriding database path with different value: /Users/comradeos/.stmcufinder/plugins/mcufinder/ => /Users/comradeos/.stmcufinder/plugins/mcufinder
2023-05-17 18:35:09,329 [INFO] CrossReferenceDbSqlite:203 - Set database path to: /Users/comradeos/.stmcufinder/plugins/mcufinder//mcu/cs/
2023-05-17 18:35:09,459 [INFO] MainPanel:253 - HeapMemory: 449839104
2023-05-17 18:35:09,660 [INFO] DbMcusXml:78 - Set database path to: /Applications/STM32CubeIDE.app/Contents/Eclipse/plugins/com.st.stm32cube.common.mx_6.8.1.202304191431//db//mcu/
2023-05-17 18:35:09,661 [INFO] ApiDb:274 - Set plugin database path to: /Applications/STM32CubeIDE.app/Contents/Eclipse/plugins/com.st.stm32cube.common.mx_6.8.1.202304191431//db//plugins/boardmanager/
2023-05-17 18:35:09,662 [INFO] ApiDb:261 - Set plugin images path to: /Applications/STM32CubeIDE.app/Contents/Eclipse/plugins/com.st.stm32cube.common.mx_6.8.1.202304191431//db//plugins/mcufinder/images/
2023-05-17 18:35:09,663 [WARN] DbFile:41 - Overriding database path with different value: /Users/comradeos/.stmcufinder/plugins/mcufinder/ => /Users/comradeos/.stmcufinder/plugins/mcufinder
2023-05-17 18:35:09,663 [INFO] ApiDb:250 - Set database path to: /Users/comradeos/.stmcufinder/plugins/mcufinder//mcu/
2023-05-17 18:35:09,663 [WARN] DbFile:41 - Overriding database path with different value: /Users/comradeos/.stmcufinder/plugins/mcufinder/ => /Users/comradeos/.stmcufinder/plugins/mcufinder
2023-05-17 18:35:09,663 [INFO] DbMcusAds:125 - Set database path to: /Users/comradeos/.stmcufinder/plugins/mcufinder//mcu/
2023-05-17 18:35:09,663 [WARN] DbFile:41 - Overriding database path with different value: /Users/comradeos/.stmcufinder/plugins/mcufinder/ => /Users/comradeos/.stmcufinder/plugins/mcufinder
2023-05-17 18:35:09,663 [WARN] DbFile:41 - Overriding database path with different value: /Users/comradeos/.stmcufinder/plugins/mcufinder/ => /Users/comradeos/.stmcufinder/plugins/mcufinder
2023-05-17 18:35:09,663 [INFO] CrossReferenceDbSqlite:203 - Set database path to: /Users/comradeos/.stmcufinder/plugins/mcufinder//mcu/cs/
2023-05-17 18:35:09,703 [INFO] ApplicationProperties:184 - Using Application install path: /Applications/STM32CubeIDE.app/Contents/Eclipse/plugins/com.st.stm32cube.common.mx_6.8.1.202304191431
2023-05-17 18:35:09,705 [INFO] PluginManage:196 - Search for loadable plugins [exclusion list=, ]
2023-05-17 18:35:09,709 [INFO] PluginManage:310 - Check plugin analytics
2023-05-17 18:35:10,122 [INFO] AnalyticsPlugin:253 - Accepted Software Licenses: STM32CubeMX.6.7.0,STM32CubeMX.6.8.1
2023-05-17 18:35:10,124 [INFO] AnalyticsPlugin:255 - Accepted CMSIS Pack Licenses: 
2023-05-17 18:35:10,124 [INFO] AnalyticsPlugin:257 - Accepted Firmware Licenses: 
2023-05-17 18:35:10,170 [INFO] PluginManage:359 - Loaded plugin analytics (category:tool,tabindex:-1)
2023-05-17 18:35:10,171 [INFO] PluginManage:310 - Check plugin cadmodel
2023-05-17 18:35:10,198 [INFO] CADModel:105 - Init CAD model plugin
2023-05-17 18:35:10,198 [INFO] PluginManage:359 - Loaded plugin cadmodel (category:power,tabindex:5)
2023-05-17 18:35:10,202 [INFO] PluginManage:310 - Check plugin clock
2023-05-17 18:35:10,221 [INFO] PluginManage:359 - Loaded plugin clock (category:base,tabindex:2)
2023-05-17 18:35:10,222 [INFO] PluginManage:310 - Check plugin ddr
2023-05-17 18:35:10,225 [INFO] PluginManage:359 - Loaded plugin ddr (category:tool,tabindex:6)
2023-05-17 18:35:10,227 [INFO] PluginManage:310 - Check plugin filemanager
2023-05-17 18:35:10,502 [INFO] PluginManage:359 - Loaded plugin filemanager (category:base,tabindex:10)
2023-05-17 18:35:10,503 [INFO] PluginManage:310 - Check plugin ipmanager
2023-05-17 18:35:10,524 [INFO] PluginManage:359 - Loaded plugin ipmanager (category:base,tabindex:5)
2023-05-17 18:35:10,525 [INFO] PluginManage:310 - Check plugin lpbam
2023-05-17 18:35:10,546 [INFO] PluginManage:359 - Loaded plugin lpbam (category:base,tabindex:0)
2023-05-17 18:35:10,546 [INFO] PluginManage:310 - Check plugin pinoutandconfiguration
2023-05-17 18:35:10,555 [INFO] PluginManage:359 - Loaded plugin pinoutandconfiguration (category:base,tabindex:1)
2023-05-17 18:35:10,555 [INFO] PluginManage:310 - Check plugin pinoutconfig
2023-05-17 18:35:10,764 [WARN] SupportedApi:132 - Cannot load RTOS API schema: s4s-elt-must-match.1: The content of 'definitions' must match (annotation?, (simpleType | complexType)?, (unique | key | keyref)*)). A problem was found starting at: attribute.
2023-05-17 18:35:11,071 [INFO] PluginManage:359 - Loaded plugin pinoutconfig (category:base,tabindex:0)
2023-05-17 18:35:11,072 [INFO] PluginManage:310 - Check plugin power
2023-05-17 18:35:11,088 [INFO] PluginManage:359 - Loaded plugin power (category:power,tabindex:4)
2023-05-17 18:35:11,088 [INFO] PluginManage:310 - Check plugin projectmanager
2023-05-17 18:35:11,136 [INFO] PluginManage:359 - Loaded plugin projectmanager (category:projectmanager,tabindex:3)
2023-05-17 18:35:11,136 [INFO] PluginManage:310 - Check plugin thirdparty
2023-05-17 18:35:11,366 [INFO] PluginManage:359 - Loaded plugin thirdparty (category:base,tabindex:-1)
2023-05-17 18:35:11,366 [INFO] PluginManage:310 - Check plugin tools
2023-05-17 18:35:11,365 [WARN] IntegrityCheckThread:84 - waiting for thirdparty lock release [integrity check]
2023-05-17 18:35:11,367 [INFO] IntegrityCheckThread:86 - entering critical section [integrity check]
2023-05-17 18:35:11,373 [INFO] PluginManage:359 - Loaded plugin tools (category:base,tabindex:7)
2023-05-17 18:35:11,374 [INFO] PluginManage:310 - Check plugin tutovideos
2023-05-17 18:35:11,376 [INFO] ThirdPartyUpdaterWithRetryManager:70 - Updater plugin not ready yet. [1/15]
2023-05-17 18:35:11,977 [INFO] PluginManage:359 - Loaded plugin tutovideos (category:base,tabindex:-1)
2023-05-17 18:35:11,979 [INFO] PluginManage:310 - Check plugin updater
2023-05-17 18:35:12,058 [INFO] PluginManage:359 - Loaded plugin updater (category:base,tabindex:12)
2023-05-17 18:35:12,059 [INFO] PluginManage:283 - PluginManage : Loaded plugins [15]
2023-05-17 18:35:12,625 [INFO] PinOutPanel:1499 - setPackage(No Configuration,No Configuration)
2023-05-17 18:35:12,937 [INFO] CADModel:165 - CPN selected for project level
2023-05-17 18:35:12,939 [INFO] CADModel:114 - Register for checkConnection events
2023-05-17 18:35:13,014 [INFO] IPUIPlugin:80 - create IPUIPlugin
2023-05-17 18:35:13,016 [INFO] PluginManager:220 - loadIPPluginJar : add mdma
2023-05-17 18:35:13,028 [INFO] IPUIPlugin:80 - create IPUIPlugin
2023-05-17 18:35:13,028 [INFO] PluginManager:220 - loadIPPluginJar : add freertos
2023-05-17 18:35:13,036 [INFO] IPUIPlugin:80 - create IPUIPlugin
2023-05-17 18:35:13,037 [INFO] PluginManager:220 - loadIPPluginJar : add gic
2023-05-17 18:35:13,050 [INFO] IPUIPlugin:80 - create IPUIPlugin
2023-05-17 18:35:13,050 [INFO] PluginManager:220 - loadIPPluginJar : add adc
2023-05-17 18:35:13,052 [INFO] IPUIPlugin:80 - create IPUIPlugin
2023-05-17 18:35:13,053 [INFO] PluginManager:220 - loadIPPluginJar : add gtzc
2023-05-17 18:35:13,054 [INFO] IPUIPlugin:80 - create IPUIPlugin
2023-05-17 18:35:13,054 [INFO] PluginManager:220 - loadIPPluginJar : add quadspi
2023-05-17 18:35:13,058 [INFO] IPUIPlugin:80 - create IPUIPlugin
2023-05-17 18:35:13,058 [INFO] PluginManager:220 - loadIPPluginJar : add aes
2023-05-17 18:35:13,062 [INFO] IPUIPlugin:80 - create IPUIPlugin
2023-05-17 18:35:13,062 [INFO] PluginManager:220 - loadIPPluginJar : add pdm2pcm
2023-05-17 18:35:13,064 [INFO] IPUIPlugin:80 - create IPUIPlugin
2023-05-17 18:35:13,064 [INFO] PluginManager:220 - loadIPPluginJar : add hash
2023-05-17 18:35:13,065 [INFO] IPUIPlugin:80 - create IPUIPlugin
2023-05-17 18:35:13,065 [INFO] PluginManager:220 - loadIPPluginJar : add tim
2023-05-17 18:35:13,067 [INFO] IPUIPlugin:80 - create IPUIPlugin
2023-05-17 18:35:13,067 [INFO] PluginManager:220 - loadIPPluginJar : add tsc
2023-05-17 18:35:13,069 [INFO] IPUIPlugin:80 - create IPUIPlugin
2023-05-17 18:35:13,069 [INFO] PluginManager:220 - loadIPPluginJar : add ts
2023-05-17 18:35:13,072 [INFO] IPUIPlugin:80 - create IPUIPlugin
2023-05-17 18:35:13,072 [INFO] PluginManager:220 - loadIPPluginJar : add can
2023-05-17 18:35:13,075 [INFO] IPUIPlugin:80 - create IPUIPlugin
2023-05-17 18:35:13,075 [INFO] PluginManager:220 - loadIPPluginJar : add dma3
2023-05-17 18:35:13,077 [INFO] IPUIPlugin:80 - create IPUIPlugin
2023-05-17 18:35:13,077 [INFO] PluginManager:220 - loadIPPluginJar : add dfsdm
2023-05-17 18:35:13,079 [INFO] IPUIPlugin:80 - create IPUIPlugin
2023-05-17 18:35:13,079 [INFO] PluginManager:220 - loadIPPluginJar : add spi
2023-05-17 18:35:13,082 [INFO] IPUIPlugin:80 - create IPUIPlugin
2023-05-17 18:35:13,082 [INFO] PluginManager:220 - loadIPPluginJar : add gfxmmu
2023-05-17 18:35:13,085 [INFO] IPUIPlugin:80 - create IPUIPlugin
2023-05-17 18:35:13,086 [INFO] PluginManager:220 - loadIPPluginJar : add genericplugin
2023-05-17 18:35:13,088 [INFO] IPUIPlugin:80 - create IPUIPlugin
2023-05-17 18:35:13,088 [INFO] PluginManager:220 - loadIPPluginJar : add cryp
2023-05-17 18:35:13,092 [INFO] IPUIPlugin:80 - create IPUIPlugin
2023-05-17 18:35:13,093 [INFO] PluginManager:220 - loadIPPluginJar : add gpio
2023-05-17 18:35:13,094 [INFO] IPUIPlugin:80 - create IPUIPlugin
2023-05-17 18:35:13,095 [INFO] PluginManager:220 - loadIPPluginJar : add comp
2023-05-17 18:35:13,097 [INFO] IPUIPlugin:80 - create IPUIPlugin
2023-05-17 18:35:13,097 [INFO] PluginManager:220 - loadIPPluginJar : add tracer_emb
2023-05-17 18:35:13,101 [INFO] IPUIPlugin:80 - create IPUIPlugin
2023-05-17 18:35:13,102 [INFO] PluginManager:220 - loadIPPluginJar : add openamp
2023-05-17 18:35:13,106 [INFO] IPUIPlugin:80 - create IPUIPlugin
2023-05-17 18:35:13,106 [INFO] PluginManager:220 - loadIPPluginJar : add stm32_wpan
2023-05-17 18:35:13,113 [INFO] IPUIPlugin:80 - create IPUIPlugin
2023-05-17 18:35:13,127 [INFO] PluginManager:220 - loadIPPluginJar : add plateformsettings
2023-05-17 18:35:13,131 [INFO] IPUIPlugin:80 - create IPUIPlugin
2023-05-17 18:35:13,131 [INFO] PluginManager:220 - loadIPPluginJar : add ipddr
2023-05-17 18:35:13,134 [INFO] IPUIPlugin:80 - create IPUIPlugin
2023-05-17 18:35:13,135 [INFO] PluginManager:220 - loadIPPluginJar : add usart
2023-05-17 18:35:13,136 [INFO] IPUIPlugin:80 - create IPUIPlugin
2023-05-17 18:35:13,136 [INFO] PluginManager:220 - loadIPPluginJar : add ltdc
2023-05-17 18:35:13,140 [INFO] IPUIPlugin:80 - create IPUIPlugin
2023-05-17 18:35:13,140 [INFO] PluginManager:220 - loadIPPluginJar : add nvic
2023-05-17 18:35:13,142 [INFO] IPUIPlugin:80 - create IPUIPlugin
2023-05-17 18:35:13,143 [INFO] PluginManager:220 - loadIPPluginJar : add fatfs
2023-05-17 18:35:13,151 [INFO] IPUIPlugin:80 - create IPUIPlugin
2023-05-17 18:35:13,151 [INFO] PluginManager:220 - loadIPPluginJar : add linkedlist
2023-05-17 18:35:13,157 [INFO] IPUIPlugin:80 - create IPUIPlugin
2023-05-17 18:35:13,157 [INFO] PluginManager:220 - loadIPPluginJar : add dma
2023-05-17 18:35:13,163 [INFO] IPUIPlugin:80 - create IPUIPlugin
2023-05-17 18:35:13,163 [INFO] PluginManager:220 - loadIPPluginJar : add fmc
2023-05-17 18:35:13,166 [INFO] IPUIPlugin:80 - create IPUIPlugin
2023-05-17 18:35:13,166 [INFO] PluginManager:220 - loadIPPluginJar : add i2s
2023-05-17 18:35:13,168 [INFO] IPUIPlugin:80 - create IPUIPlugin
2023-05-17 18:35:13,168 [INFO] PluginManager:220 - loadIPPluginJar : add ucpd
2023-05-17 18:35:13,170 [INFO] IPUIPlugin:80 - create IPUIPlugin
2023-05-17 18:35:13,170 [INFO] PluginManager:220 - loadIPPluginJar : add lorawan
2023-05-17 18:35:13,173 [INFO] IPUIPlugin:80 - create IPUIPlugin
2023-05-17 18:35:13,173 [INFO] PluginManager:220 - loadIPPluginJar : add opamp
2023-05-17 18:35:13,176 [INFO] IPUIPlugin:80 - create IPUIPlugin
2023-05-17 18:35:13,177 [INFO] PluginManager:220 - loadIPPluginJar : add i3c
2023-05-17 18:35:13,182 [INFO] IPUIPlugin:80 - create IPUIPlugin
2023-05-17 18:35:13,183 [INFO] PluginManager:220 - loadIPPluginJar : add touchsensing
2023-05-17 18:35:13,204 [INFO] IPUIPlugin:80 - create IPUIPlugin
2023-05-17 18:35:13,205 [INFO] PluginManager:220 - loadIPPluginJar : add i2c
2023-05-17 18:35:13,216 [INFO] IPUIPlugin:80 - create IPUIPlugin
2023-05-17 18:35:13,216 [INFO] PluginManager:220 - loadIPPluginJar : add resmgrutility
2023-05-17 18:35:13,220 [INFO] IPUIPlugin:80 - create IPUIPlugin
2023-05-17 18:35:13,220 [INFO] PluginManager:220 - loadIPPluginJar : add sai
2023-05-17 18:35:13,225 [INFO] IPUIPlugin:80 - create IPUIPlugin
2023-05-17 18:35:13,225 [INFO] PluginManager:220 - loadIPPluginJar : add usbx
2023-05-17 18:35:13,369 [INFO] CADModel:165 - CPN selected for project level
2023-05-17 18:35:13,369 [INFO] CADModel:114 - Register for checkConnection events
2023-05-17 18:35:13,370 [FATAL] Updater:308 - Updater called before beeing initialized
2023-05-17 18:35:13,370 [ERROR] CADModel:125 - Updater not yet initialized, retry later 
2023-05-17 18:35:13,627 [INFO] CADModel:165 - CPN selected for project level
2023-05-17 18:35:13,627 [INFO] CADModel:114 - Register for checkConnection events
2023-05-17 18:35:13,628 [FATAL] Updater:308 - Updater called before beeing initialized
2023-05-17 18:35:13,628 [ERROR] CADModel:125 - Updater not yet initialized, retry later 
2023-05-17 18:35:13,632 [FATAL] Updater:308 - Updater called before beeing initialized
2023-05-17 18:35:14,211 [FATAL] Updater:308 - Updater called before beeing initialized
2023-05-17 18:35:14,232 [INFO] DbMcusAds:53 - JSON generation date=Thu Sep 30 09:55:09 EEST 2021 (1632984909247)
2023-05-17 18:35:14,233 [FATAL] Updater:308 - Updater called before beeing initialized
2023-05-17 18:35:14,372 [WARN] DetailPanel:346 - Failed to get advertising image, set to default
2023-05-17 18:35:14,382 [INFO] ThirdPartyUpdaterWithRetryManager:70 - Updater plugin not ready yet. [2/15]
2023-05-17 18:35:14,518 [FATAL] Updater:308 - Updater called before beeing initialized
2023-05-17 18:35:14,521 [FATAL] Updater:308 - Updater called before beeing initialized
2023-05-17 18:35:14,521 [FATAL] Updater:308 - Updater called before beeing initialized
2023-05-17 18:35:14,521 [WARN] DetailPanel:346 - Failed to get advertising image, set to default
2023-05-17 18:35:14,523 [FATAL] Updater:308 - Updater called before beeing initialized
2023-05-17 18:35:14,598 [ERROR] Updater:1120 - MainUpdater not yet initialized. External WinMGr cannot be set.
2023-05-17 18:35:14,607 [INFO] Updater:1056 - Updater Version found : 6.8.1
2023-05-17 18:35:14,640 [INFO] ApplicationProperties:184 - Using Application install path: /Applications/STM32CubeIDE.app/Contents/Eclipse/plugins/com.st.stm32cube.common.mx_6.8.1.202304191431
2023-05-17 18:35:15,279 [INFO] MainUpdater:2854 - connection check result : 10
2023-05-17 18:35:15,280 [INFO] MainUpdater:3548 - Updater definition file requires update
2023-05-17 18:35:15,282 [INFO] MainUpdater:283 - Updater Check For Update Now.
2023-05-17 18:35:15,283 [INFO] MicroXplorer:498 - Change Database Version : DB.6.0.81
2023-05-17 18:35:15,494 [INFO] ServerAccessManage:473 - Download File updaters.zip
2023-05-17 18:35:15,591 [INFO] FileExtend:240 - Unzip File : updaters.zip
2023-05-17 18:35:15,591 [INFO] FileExtend:255 - Standard Zip Deflate
2023-05-17 18:35:15,848 [INFO] ServerAccessManage:473 - Download File PacksControlFlags.xml
2023-05-17 18:35:15,946 [INFO] ServerAccessManage:473 - Download File cubemx.pidx
2023-05-17 18:35:16,260 [INFO] ServerAccessManage:473 - Download File STMicroelectronics.FP-SNS-FLIGHT1.pdsc
2023-05-17 18:35:16,383 [INFO] ServerAccessManage:473 - Download File STMicroelectronics.FP-SNS-MOTENV1.pdsc
2023-05-17 18:35:16,708 [INFO] ServerAccessManage:473 - Download File STMicroelectronics.X-CUBE-AI.pdsc
2023-05-17 18:35:17,404 [WARN] MainUpdater:1187 - Updater busy. Cannot search thirdparties
2023-05-17 18:35:17,404 [INFO] ThirdPartyUpdaterWithRetryManager:96 - Updater plugin is busy. [1/15]
2023-05-17 18:35:18,093 [INFO] ServerAccessManage:473 - Download File STMicroelectronics.X-CUBE-TOUCHGFX.pdsc
2023-05-17 18:35:19,752 [WARN] PackLoader:240 - Cannot read IP mode file for STMicroelectronics.FP-SNS-FLIGHT1.5.0.0
2023-05-17 18:35:19,782 [ERROR] RealEvaluatedCondition:428 - Found unsupported composite condition: GROUP='STM32_MetaDataManager' CLASS='Data Exchange'
2023-05-17 18:35:19,782 [ERROR] RealEvaluatedCondition:428 - Found unsupported composite condition: CLASS='Data Exchange' GROUP='STM32_MetaDataManager'
2023-05-17 18:35:19,791 [WARN] PackLoader:240 - Cannot read IP mode file for STMicroelectronics.FP-SNS-MOTENV1.4.3.0
2023-05-17 18:35:19,799 [WARN] PackLoader:240 - Cannot read IP mode file for STMicroelectronics.X-CUBE-AI.8.0.1
2023-05-17 18:35:19,824 [WARN] PackLoader:240 - Cannot read IP mode file for STMicroelectronics.X-CUBE-TOUCHGFX.4.21.4
2023-05-17 18:35:19,824 [INFO] PopulateThirdPartyThread:66 - Ending populate Thread
2023-05-17 18:35:19,837 [INFO] ThirdParty:1030 - CMSIS Pack Vendor :STMicroelectronics FP-SNS-MOTENV1 4.3.0
2023-05-17 18:35:19,838 [INFO] ThirdParty:1030 - CMSIS Pack Vendor :STMicroelectronics FP-SNS-FLIGHT1 5.0.0
2023-05-17 18:35:19,838 [INFO] ThirdParty:1030 - CMSIS Pack Vendor :STMicroelectronics X-CUBE-TOUCHGFX 4.21.4
2023-05-17 18:35:19,838 [INFO] ThirdParty:1030 - CMSIS Pack Vendor :STMicroelectronics X-CUBE-AI 8.0.1
2023-05-17 18:35:19,838 [INFO] LoadServerUpdatesThread:373 - End of LoadServerUpdate Thread
2023-05-17 18:35:19,906 [INFO] CheckServerUpdateThread:120 - End of CheckServer Thread
2023-05-17 18:35:19,924 [INFO] MainUpdater:2854 - connection check result : 10
2023-05-17 18:35:19,928 [INFO] MainUpdater:2854 - connection check result : 10
2023-05-17 18:35:20,552 [WARN] PackLoader:240 - Cannot read IP mode file for STMicroelectronics.X-CUBE-GNSS1.6.0.0
2023-05-17 18:35:20,793 [WARN] PackLoader:240 - Cannot read IP mode file for STMicroelectronics.X-CUBE-AZRTOS-F4.1.1.0
2023-05-17 18:35:20,871 [WARN] PackLoader:240 - Cannot read IP mode file for STMicroelectronics.X-CUBE-SMBUS.2.1.0
2023-05-17 18:35:21,027 [WARN] PackLoader:240 - Cannot read IP mode file for STMicroelectronics.X-CUBE-AZRTOS-F7.1.1.0
2023-05-17 18:35:21,298 [WARN] PackLoader:240 - Cannot read IP mode file for STMicroelectronics.X-CUBE-MEMS1.9.6.0
2023-05-17 18:35:21,597 [ERROR] RealEvaluatedCondition:428 - Found unsupported composite condition: CLASS='Data Exchange' GROUP='STM32_MetaDataManager'
2023-05-17 18:35:21,604 [ERROR] RealEvaluatedCondition:428 - Found unsupported composite condition: CLASS='Data Exchange' GROUP='STM32_MetaDataManager'
2023-05-17 18:35:21,650 [INFO] MicroXplorer:468 - Change Database Path : 
2023-05-17 18:35:21,659 [INFO] MicroXplorer:498 - Change Database Version : DB.6.0.81
2023-05-17 18:35:21,666 [WARN] ThirdParty:871 - waiting for thirdparty lock release [close project]
2023-05-17 18:35:21,692 [WARN] PackLoader:240 - Cannot read IP mode file for STMicroelectronics.FP-SNS-MOTENV1.4.3.0
2023-05-17 18:35:21,934 [WARN] PackLoader:240 - Cannot read IP mode file for STMicroelectronics.FP-SNS-FLIGHT1.5.0.0
2023-05-17 18:35:22,098 [WARN] PackLoader:240 - Cannot read IP mode file for STMicroelectronics.X-CUBE-BLE1.6.2.4
2023-05-17 18:35:22,137 [WARN] PackLoader:240 - Cannot read IP mode file for emotas.I-CUBE-CANOPEN.1.1.3
2023-05-17 18:35:22,161 [WARN] PackLoader:240 - Cannot read IP mode file for STMicroelectronics.X-CUBE-BLEMGR.2.0.0
2023-05-17 18:35:22,187 [WARN] PackLoader:240 - Cannot read IP mode file for STMicroelectronics.X-CUBE-NFC4.2.0.5
2023-05-17 18:35:22,378 [WARN] ConditionMgr:438 - getConditionDescription Invalid condition id : UX DEVICE CLASS RTOS Condition cause : null
2023-05-17 18:35:22,380 [WARN] ConditionMgr:438 - getConditionDescription Invalid condition id : UX DEVICE CLASS RTOS Condition cause : null
2023-05-17 18:35:22,396 [WARN] PackLoader:240 - Cannot read IP mode file for STMicroelectronics.X-CUBE-AZRTOS-H7.3.1.0
2023-05-17 18:35:22,403 [WARN] ConditionMgr:1039 - genDependencies : Invalid condition id : UX DEVICE CLASS RTOS Condition cause : null
2023-05-17 18:35:22,404 [WARN] ConditionMgr:1039 - genDependencies : Invalid condition id : UX DEVICE CLASS RTOS Condition cause : null
2023-05-17 18:35:22,406 [WARN] ConditionMgr:1039 - genDependencies : Invalid condition id : UX DEVICE CLASS RTOS Condition cause : null
2023-05-17 18:35:22,407 [WARN] ConditionMgr:1039 - genDependencies : Invalid condition id : UX DEVICE CLASS RTOS Condition cause : null
2023-05-17 18:35:22,407 [WARN] ConditionMgr:1039 - genDependencies : Invalid condition id : UX DEVICE CLASS RTOS Condition cause : null
2023-05-17 18:35:22,431 [WARN] PackLoader:240 - Cannot read IP mode file for STMicroelectronics.X-CUBE-DISPLAY.3.0.0
2023-05-17 18:35:22,443 [WARN] PackLoader:240 - Cannot read IP mode file for wolfSSL.I-CUBE-wolfSSL.5.5.3
2023-05-17 18:35:22,448 [WARN] PackLoader:240 - Cannot read IP mode file for STMicroelectronics.X-CUBE-NFC7.1.0.0
2023-05-17 18:35:22,454 [WARN] PackLoader:240 - Cannot read IP mode file for STMicroelectronics.X-CUBE-EEPRMA1.4.1.0
2023-05-17 18:35:22,470 [WARN] PackLoader:240 - Cannot read IP mode file for WES.I-CUBE-Cesium.1.3.0
2023-05-17 18:35:22,480 [WARN] PackLoader:240 - Cannot read IP mode file for STMicroelectronics.X-CUBE-SFXS2LP1.4.0.0
2023-05-17 18:35:22,492 [WARN] PackLoader:240 - Cannot read IP mode file for STMicroelectronics.X-CUBE-BLE2.3.3.0
2023-05-17 18:35:22,502 [WARN] PackLoader:240 - Cannot read IP mode file for STMicroelectronics.X-CUBE-DISPLAY.2.2.0
2023-05-17 18:35:22,527 [WARN] PackLoader:240 - Cannot read IP mode file for STMicroelectronics.X-CUBE-TOF1.3.2.0
2023-05-17 18:35:22,569 [WARN] PackLoader:240 - Cannot read IP mode file for STMicroelectronics.X-CUBE-AZRTOS-H7.3.0.0
2023-05-17 18:35:22,579 [WARN] PackLoader:240 - Cannot read IP mode file for STMicroelectronics.X-CUBE-ISPU.1.1.0
2023-05-17 18:35:22,591 [WARN] PackLoader:240 - Cannot read IP mode file for RoweBots.I-CUBE-UNISONRTOS.5.5.0-4
2023-05-17 18:35:22,623 [WARN] PackLoader:240 - Cannot read IP mode file for STMicroelectronics.X-CUBE-AZRTOS-H7.2.1.0
2023-05-17 18:35:22,647 [WARN] PackLoader:240 - Cannot read IP mode file for STMicroelectronics.X-CUBE-AI.8.0.0
2023-05-17 18:35:22,655 [WARN] PackLoader:240 - Cannot read IP mode file for STMicroelectronics.X-CUBE-FREERTOS.1.0.1
2023-05-17 18:35:22,658 [WARN] PackLoader:240 - Cannot read IP mode file for STMicroelectronics.X-CUBE-TOUCHGFX.4.21.0
2023-05-17 18:35:22,660 [WARN] PackLoader:240 - Cannot read IP mode file for STMicroelectronics.X-CUBE-TOUCHGFX.4.21.3
2023-05-17 18:35:22,662 [WARN] PackLoader:240 - Cannot read IP mode file for STMicroelectronics.X-CUBE-TOUCHGFX.4.21.4
2023-05-17 18:35:22,728 [WARN] PackLoader:240 - Cannot read IP mode file for STMicroelectronics.X-CUBE-MEMS1.9.4.0
2023-05-17 18:35:22,913 [WARN] PackLoader:240 - Cannot read IP mode file for STMicroelectronics.X-CUBE-AI.7.3.0
2023-05-17 18:35:22,924 [WARN] PackLoader:240 - Cannot read IP mode file for STMicroelectronics.X-CUBE-ALGOBUILD.1.3.0
2023-05-17 18:35:22,951 [WARN] PackLoader:240 - Cannot read IP mode file for STMicroelectronics.X-CUBE-AZRTOS-L5.1.1.0
2023-05-17 18:35:22,982 [WARN] PackLoader:240 - Cannot read IP mode file for STMicroelectronics.X-CUBE-AZRTOS-G0.1.1.0
2023-05-17 18:35:22,989 [WARN] PackLoader:240 - Cannot read IP mode file for STMicroelectronics.X-CUBE-AI.8.0.1
2023-05-17 18:35:23,005 [WARN] PackLoader:240 - Cannot read IP mode file for STMicroelectronics.X-CUBE-SUBG2.5.0.0
2023-05-17 18:35:23,021 [WARN] PackLoader:240 - Cannot read IP mode file for STMicroelectronics.X-CUBE-NFC4.3.0.0
2023-05-17 18:35:23,145 [WARN] PackLoader:240 - Cannot read IP mode file for SEGGER.I-CUBE-embOS.1.2.1
2023-05-17 18:35:23,259 [WARN] PackLoader:240 - Cannot read IP mode file for STMicroelectronics.X-CUBE-AZRTOS-G4.2.0.0
2023-05-17 18:35:23,276 [WARN] PackLoader:240 - Cannot read IP mode file for STMicroelectronics.X-CUBE-TOF1.3.3.0
2023-05-17 18:35:23,287 [WARN] PackLoader:240 - Cannot read IP mode file for STMicroelectronics.FP-ATR-ASTRA1.1.1.1
2023-05-17 18:35:23,310 [WARN] PackLoader:240 - Cannot read IP mode file for STMicroelectronics.X-CUBE-BLEMGR.1.3.0
2023-05-17 18:35:23,335 [WARN] PackLoader:240 - Cannot read IP mode file for STMicroelectronics.X-CUBE-AZRTOS-G4.1.0.0
2023-05-17 18:35:23,343 [WARN] PackLoader:240 - Cannot read IP mode file for STMicroelectronics.FP-ATR-SIGFOX1.3.2.0
2023-05-17 18:35:23,373 [WARN] PackLoader:240 - Cannot read IP mode file for STMicroelectronics.X-CUBE-AZRTOS-L4.1.0.0
2023-05-17 18:35:23,386 [WARN] PackLoader:240 - Cannot read IP mode file for STMicroelectronics.X-CUBE-TOUCHGFX.4.20.0
2023-05-17 18:35:23,402 [WARN] PackLoader:240 - Cannot read IP mode file for STMicroelectronics.X-CUBE-AZRTOS-WL.1.0.0
2023-05-17 18:35:23,414 [WARN] PackLoader:240 - Cannot read IP mode file for portGmbH.I-Cube-SoM-uGOAL.1.1.0
2023-05-17 18:35:23,418 [WARN] PackLoader:240 - Cannot read IP mode file for STMicroelectronics.X-CUBE-ALS.1.0.1
2023-05-17 18:35:23,439 [WARN] PackLoader:240 - Cannot read IP mode file for STMicroelectronics.X-CUBE-AZRTOS-WB.1.1.0
2023-05-17 18:35:23,492 [WARN] PackLoader:240 - Cannot read IP mode file for SEGGER.I-CUBE-embOS.1.3.1
2023-05-17 18:35:23,558 [WARN] PackLoader:240 - Cannot read IP mode file for STMicroelectronics.X-CUBE-AZRTOS-L5.1.0.0
2023-05-17 18:35:23,569 [WARN] PackLoader:240 - Cannot read IP mode file for STMicroelectronics.X-CUBE-EEPRMA1.3.1.1
2023-05-17 18:35:23,572 [WARN] PackLoader:240 - Cannot read IP mode file for STMicroelectronics.FP-ATR-ASTRA1.2.0.0
2023-05-17 18:35:23,581 [INFO] ThirdParty:978 - Integrity check success = true
2023-05-17 18:35:23,581 [INFO] IntegrityCheckThread:100 - exiting critical section [integrity check]
2023-05-17 18:35:23,581 [INFO] IntegrityCheckThread:103 - End integrity checks thread
2023-05-17 18:35:23,582 [INFO] ThirdParty:873 - entering critical section [close project]
2023-05-17 18:35:23,589 [INFO] ThirdParty:883 - exiting critical section [close project]
2023-05-17 18:35:23,604 [INFO] PinOutPanel:1499 - setPackage(No Configuration,No Configuration)
2023-05-17 18:35:23,629 [INFO] UtilMem:75 - Begin LoadConfig() Used Memory: 443169384 Bytes (817889280)
2023-05-17 18:35:25,903 [INFO] MicroXplorer:468 - Change Database Path : 
2023-05-17 18:35:25,904 [INFO] MicroXplorer:498 - Change Database Version : DB.6.0.81
2023-05-17 18:35:25,905 [INFO] OpenFileManager:308 - Change cursor
2023-05-17 18:35:25,997 [INFO] Mcu:1937 - Initializing MCU STM32F051R8Tx STM32F051R8Tx STM32F051R8T6
2023-05-17 18:35:27,503 [INFO] Context:659 - Trying to add GPIOservice into a context  which must be forbidden
2023-05-17 18:35:27,995 [INFO] Rule:228 - rule WakeUp0 Mode is applicable
2023-05-17 18:35:27,995 [INFO] Rule:228 - rule WakeUp0 SIGNAL is applicable
2023-05-17 18:35:27,995 [INFO] Rule:228 - rule WakeUp1 Mode is applicable
2023-05-17 18:35:27,996 [INFO] Rule:228 - rule WakeUp1 SIGNAL is applicable
2023-05-17 18:35:27,996 [INFO] Rule:228 - rule WakeUp2 Mode is applicable
2023-05-17 18:35:27,996 [INFO] Rule:228 - rule WakeUp2 SIGNAL is applicable
2023-05-17 18:35:27,996 [INFO] Rule:228 - rule WakeUp4 Mode is applicable
2023-05-17 18:35:27,996 [INFO] Rule:228 - rule WakeUp4 SIGNAL is applicable
2023-05-17 18:35:27,996 [INFO] Rule:228 - rule WakeUp5 Mode is applicable
2023-05-17 18:35:27,996 [INFO] Rule:228 - rule WakeUp5 SIGNAL is applicable
2023-05-17 18:35:27,997 [INFO] DbConfProperties:307 - Apply Compatibility (0/10 Rules)
2023-05-17 18:35:28,379 [INFO] RtosManager:555 - Registered RTOS mode: class=CMSIS, group=RTOS, mode=CMSIS_V1, owner=FREERTOS
2023-05-17 18:35:28,380 [INFO] RtosManager:555 - Registered RTOS mode: class=CMSIS, group=RTOS2, mode=CMSIS_V2, owner=FREERTOS
2023-05-17 18:35:28,380 [INFO] RtosManager:555 - Registered RTOS mode: class=RTOS, group=Core, mode=CMSIS_V1, owner=FREERTOS
2023-05-17 18:35:28,380 [INFO] RtosManager:555 - Registered RTOS mode: class=RTOS, group=Core, mode=CMSIS_V2, owner=FREERTOS
2023-05-17 18:35:28,380 [WARN] ModelIntegratedComponent:184 - Missing modes for component STMicroelectronics:FreeRTOS:0.0.1:STMicroelectronics:RTOS:FreeRTOS:Core:::10.2.0:
2023-05-17 18:35:28,398 [WARN] ModelIntegratedComponent:63 - No mode defined for component null
2023-05-17 18:35:28,398 [WARN] ModelIntegratedComponent:63 - No mode defined for component null
2023-05-17 18:35:28,398 [WARN] ModelIntegratedComponent:63 - No mode defined for component null
2023-05-17 18:35:28,398 [WARN] ModelIntegratedComponent:63 - No mode defined for component null
2023-05-17 18:35:28,398 [WARN] ModelIntegratedComponent:63 - No mode defined for component null
2023-05-17 18:35:28,398 [WARN] ModelIntegratedComponent:63 - No mode defined for component null
2023-05-17 18:35:28,398 [WARN] ModelIntegratedComponent:63 - No mode defined for component null
2023-05-17 18:35:28,398 [WARN] ModelIntegratedComponent:63 - No mode defined for component null
2023-05-17 18:35:28,398 [WARN] ModelIntegratedComponent:63 - No mode defined for component null
2023-05-17 18:35:28,398 [WARN] ModelIntegratedComponent:63 - No mode defined for component null
2023-05-17 18:35:28,398 [WARN] ModelIntegratedComponent:63 - No mode defined for component null
2023-05-17 18:35:28,398 [WARN] ModelIntegratedComponent:63 - No mode defined for component null
2023-05-17 18:35:28,398 [WARN] ModelIntegratedComponent:63 - No mode defined for component null
2023-05-17 18:35:28,398 [WARN] ModelIntegratedComponent:63 - No mode defined for component null
2023-05-17 18:35:28,398 [WARN] ModelIntegratedComponent:63 - No mode defined for component null
2023-05-17 18:35:28,398 [WARN] ModelIntegratedComponent:63 - No mode defined for component null
2023-05-17 18:35:28,398 [WARN] ModelIntegratedComponent:63 - No mode defined for component null
2023-05-17 18:35:28,398 [WARN] ModelIntegratedComponent:63 - No mode defined for component null
2023-05-17 18:35:28,398 [WARN] ModelIntegratedComponent:63 - No mode defined for component null
2023-05-17 18:35:28,398 [WARN] ModelIntegratedComponent:63 - No mode defined for component null
2023-05-17 18:35:28,398 [WARN] ModelIntegratedComponent:63 - No mode defined for component null
2023-05-17 18:35:28,398 [WARN] ModelIntegratedComponent:63 - No mode defined for component null
2023-05-17 18:35:28,398 [WARN] ModelIntegratedComponent:63 - No mode defined for component null
2023-05-17 18:35:28,398 [WARN] ModelIntegratedComponent:63 - No mode defined for component null
2023-05-17 18:35:28,399 [WARN] ModelIntegratedComponent:63 - No mode defined for component null
2023-05-17 18:35:28,399 [WARN] ModelIntegratedComponent:63 - No mode defined for component null
2023-05-17 18:35:28,399 [WARN] ModelIntegratedComponent:63 - No mode defined for component null
2023-05-17 18:35:28,399 [WARN] ModelIntegratedComponent:63 - No mode defined for component null
2023-05-17 18:35:28,399 [WARN] ModelIntegratedComponent:63 - No mode defined for component null
2023-05-17 18:35:28,399 [WARN] ModelIntegratedComponent:63 - No mode defined for component null
2023-05-17 18:35:28,399 [WARN] ModelIntegratedComponent:63 - No mode defined for component null
2023-05-17 18:35:28,399 [WARN] ModelIntegratedComponent:63 - No mode defined for component null
2023-05-17 18:35:28,399 [WARN] ModelIntegratedComponent:63 - No mode defined for component null
2023-05-17 18:35:28,438 [INFO] ThirdPartyModel:298 - Start build external matchings
2023-05-17 18:35:28,803 [INFO] ThirdPartyModel:316 - End build external matchings
2023-05-17 18:35:29,071 [INFO] UtilMem:75 - End LoadConfig() Used Memory: 565602048 Bytes (817889280)
2023-05-17 18:35:29,430 [INFO] ApiDb:581 - Connected to CubeFinder SQLite database (/Users/comradeos/.stmcufinder/plugins/mcufinder/mcu/cube-finder-db.db)
2023-05-17 18:35:29,482 [INFO] ApiDb:668 - CubeFinder database Data Model version=2.1
2023-05-17 18:35:29,482 [INFO] ApiDb:669 - CubeFinder database Configuration version=3.0.35
2023-05-17 18:35:29,484 [INFO] ApiDb:670 - CubeFinder database generation date=2023-04-03 (1680511692)
2023-05-17 18:35:29,484 [INFO] ApiDb:671 - CubeFinder database FW Pack versions=[FP-ATR-ASTRA1_V2.0.0, STM32Cube_FW_C0_V1.0.1, STM32Cube_FW_F0_V1.11.4, STM32Cube_FW_F3_V1.11.4, STM32Cube_FW_F4_V1.27.1, STM32Cube_FW_F7_V1.17.0, STM32Cube_FW_G0_V1.6.1, STM32Cube_FW_G4_V1.5.1, STM32Cube_FW_H5_V0.5.1, STM32Cube_FW_H5_V1.0.0, STM32Cube_FW_H7_V1.11.0, STM32Cube_FW_L0_V1.12.2, STM32Cube_FW_L5_V1.5.0, STM32Cube_FW_U5_V1.2.0, STM32Cube_FW_WBA_V1.0.0, STM32Cube_FW_WBA_V1.0.0RC1, STM32Cube_FW_WBA_V1.0.0RC3, STM32Cube_FW_WB_V1.15.0RC1, STM32Cube_FW_WB_V1.16.0, STM32Cube_FW_WB_V1.16.0RC2, STM32Cube_FW_WL_V1.3.0, X-CUBE-ALGOBUILD_V1.3.0, X-CUBE-ALS_V1.0.1, X-CUBE-AZRTOS-F4_V1.1.0, X-CUBE-AZRTOS-F7_V1.1.0, X-CUBE-AZRTOS-G0_V1.1.0, X-CUBE-AZRTOS-G4_V1.0.0, X-CUBE-AZRTOS-H7_V3.0.0, X-CUBE-AZRTOS-L4_V1.0.0, X-CUBE-AZRTOS-L5_V1.1.0, X-CUBE-AZRTOS-WB_V1.1.0, X-CUBE-AZRTOS-WL_V1.0.0, X-CUBE-BLE1_V6.2.4, X-CUBE-BLE2_V3.3.0, X-CUBE-BLEMGR_V1.3.0, X-CUBE-EEPRMA1_V4.1.0, X-CUBE-FREERTOS_V1.0.1, X-CUBE-GNSS1_V6.0.0, X-CUBE-MEMS1_V9.1.0, X-CUBE-MEMS1_V9.4.0, X-CUBE-MEMS1_V9.5.0, X-CUBE-NFC4_V3.0.0, X-CUBE-NFC7_V1.0.0, X-CUBE-SFXS2LP1_V4.0.0, X-CUBE-SUBG2_V5.0.0]
2023-05-17 18:35:30,671 [INFO] ApiDb:240 - Found 297 in-development CPN: [B-G473E-ZEST1S, B-WB1M-WPAN1, B-WL5M-SUBG1, NUCLEO-C031C6, NUCLEO-H503RB, NUCLEO-H563ZI, NUCLEO-U545RE-Q, NUCLEO-U5A5ZJ-Q, NUCLEO-WBA52CG, STEVAL-PROTEUS1, STEVAL-STWINBX1, STM320518-EVAL, STM32C0116-DK, STM32C011D6Y3TR, STM32C011D6Y6TR, STM32C011F4P3, STM32C011F4P6, STM32C011F4U3, STM32C011F4U6TR, STM32C011F6P3, STM32C011F6P6, STM32C011F6U3, STM32C011F6U6TR, STM32C011J4M3, STM32C011J4M6, STM32C011J6M3, STM32C011J6M6, STM32C0316-DK, STM32C031C4T3, STM32C031C4T6, STM32C031C4U3, STM32C031C4U6, STM32C031C6T3, STM32C031C6T6, STM32C031C6U3, STM32C031C6U6, STM32C031F4P3, STM32C031F4P6, STM32C031F6P3, STM32C031F6P6, STM32C031G4U3, STM32C031G4U6, STM32C031G6U3, STM32C031G6U6, STM32C031K4T3, STM32C031K4T6, STM32C031K4U3, STM32C031K4U6, STM32C031K6T3, STM32C031K6T6, STM32C031K6U3, STM32C031K6U6, STM32G071K8TXN, STM32G071K8UXN, STM32G081GBU6N, STM32G081KBT6N, STM32G081KBUXN, STM32G0B1CCT6N, STM32G0B1KCT6, STM32G0B1NEY6TR, STM32G0B1RCT6N, STM32G0C1CCT6, STM32G0C1CCT6N, STM32G0C1CCU6N, STM32G0C1CET6N, STM32G0C1CEU6N, STM32G0C1KCT6, STM32G0C1NEY6TR, STM32G0C1RCI6N, STM32G0C1RCT6N, STM32G0C1REI6N, STM32G0C1RET6N, STM32G0C1VCI6, STM32G0C1VEI6, STM32G471CCT6, STM32G471CCU6, STM32G471CET3, STM32G471CET6, STM32G471CEU3, STM32G471CEU6, STM32G471MCT6, STM32G471MET3, STM32G471MET6, STM32G471MEY6TR, STM32G471QCT6, STM32G471QET3, STM32G471RCT6, STM32G471RET3, STM32G471RET6, STM32G471VCH6, STM32G471VCI6, STM32G471VCT6, STM32G471VEH3, STM32G471VEH6, STM32G471VEI3, STM32G471VEI6, STM32G471VET3, STM32G471VET6, STM32G474CCT6, STM32H503CBT6, STM32H503CBU6, STM32H503EBY6TR, STM32H503KBU6, STM32H503RBT6, STM32H562AGI6, STM32H562AII6, STM32H562IGK6, STM32H562IGT6, STM32H562IIK6, STM32H562IIT6, STM32H562RGT6, STM32H562RGV6, STM32H562RIT6, STM32H562RIV6, STM32H562VGT6, STM32H562VIT6, STM32H562ZGT6, STM32H562ZIT6, STM32H563AGI6, STM32H563AII3Q, STM32H563AII6, STM32H563IGK6, STM32H563IGT6, STM32H563IIK3Q, STM32H563IIK6, STM32H563IIT3Q, STM32H563IIT6, STM32H563MIY3QTR, STM32H563RGT6, STM32H563RGV6, STM32H563RIT6, STM32H563RIV6, STM32H563VGT6, STM32H563VIT3Q, STM32H563VIT6, STM32H563ZGT6, STM32H563ZIT3Q, STM32H563ZIT6, STM32H573AII3Q, STM32H573AII6, STM32H573I-DK, STM32H573IIK3Q, STM32H573IIK6, STM32H573IIT3Q, STM32H573IIT6, STM32H573MIY3QTR, STM32H573RIT6, STM32H573RIV6, STM32H573VIT3Q, STM32H573VIT6, STM32H573ZIT3Q, STM32H573ZIT6, STM32L4R5QGI6STR, STM32MP131AAE3, STM32MP131AAF3, STM32MP131AAG3, STM32MP131CAE3, STM32MP131CAF3, STM32MP131CAG3, STM32MP131DAE7, STM32MP131DAF7, STM32MP131DAG7, STM32MP131FAE7, STM32MP131FAF7, STM32MP131FAG7, STM32MP133AAE3, STM32MP133AAF3, STM32MP133AAG3, STM32MP133CAE3, STM32MP133CAF3, STM32MP133CAG3, STM32MP133DAE7, STM32MP133DAF7, STM32MP133DAG7, STM32MP133FAE7, STM32MP133FAF7, STM32MP133FAG7, STM32MP135AAE3, STM32MP135AAF3, STM32MP135AAG3, STM32MP135CAE3, STM32MP135CAF3, STM32MP135CAG3, STM32MP135DAE7, STM32MP135DAF7, STM32MP135DAG7, STM32MP135F-DK, STM32MP135FAE7, STM32MP135FAF7, STM32MP135FAF7T, STM32MP135FAF7U, STM32MP135FAG7, STM32U535CBT6, STM32U535CBT6Q, STM32U535CBU6, STM32U535CBU6Q, STM32U535CCT6, STM32U535CCT6Q, STM32U535CCU6, STM32U535CCU6Q, STM32U535CET6, STM32U535CET6Q, STM32U535CEU6, STM32U535CEU6Q, STM32U535JEY6QTR, STM32U535NCY6QTR, STM32U535NEY6QTR, STM32U535RBI6, STM32U535RBI6Q, STM32U535RBT6, STM32U535RBT6Q, STM32U535RCI6, STM32U535RCI6Q, STM32U535RCT6, STM32U535RCT6Q, STM32U535REI6, STM32U535REI6Q, STM32U535RET6, STM32U535RET6Q, STM32U535VCI6, STM32U535VCI6Q, STM32U535VCT6, STM32U535VCT6Q, STM32U535VEI6, STM32U535VEI6Q, STM32U535VET6, STM32U535VET6Q, STM32U545CET6, STM32U545CET6Q, STM32U545CEU6, STM32U545CEU6Q, STM32U545JEY6QTR, STM32U545NEY6QTR, STM32U545REI6, STM32U545REI6Q, STM32U545RET6, STM32U545RET6Q, STM32U545VEI6, STM32U545VEI6Q, STM32U545VET6, STM32U545VET6Q, STM32U595AIH6, STM32U595AIH6Q, STM32U595AJH6, STM32U595AJH6Q, STM32U595QII6, STM32U595QII6Q, STM32U595QJI6, STM32U595QJI6Q, STM32U595RIT6, STM32U595RIT6Q, STM32U595RJT6, STM32U595RJT6Q, STM32U595VIT6, STM32U595VIT6Q, STM32U595VJT6, STM32U595VJT6Q, STM32U595ZIT6, STM32U595ZIT6Q, STM32U595ZIY6QTR, STM32U595ZJT6, STM32U595ZJT6Q, STM32U595ZJY6QTR, STM32U599BJY6QTR, STM32U599NIH6Q, STM32U599NJH6Q, STM32U599VIT6Q, STM32U599VJT6, STM32U599VJT6Q, STM32U599ZIT6Q, STM32U599ZIY6QTR, STM32U599ZJT6Q, STM32U599ZJY6QTR, STM32U5A5AJH6, STM32U5A5AJH6Q, STM32U5A5QJI6, STM32U5A5QJI6Q, STM32U5A5RJT6, STM32U5A5RJT6Q, STM32U5A5VJT6, STM32U5A5VJT6Q, STM32U5A5ZJT6, STM32U5A5ZJT6Q, STM32U5A5ZJY6QTR, STM32U5A9BJY6QTR, STM32U5A9J-DK, STM32U5A9NJH6Q, STM32U5A9VJT6Q, STM32U5A9ZJT6Q, STM32U5A9ZJY6QTR, STM32WB1MMCH6, STM32WBA52CEU6, STM32WBA52CEU6T, STM32WBA52CGU6, STM32WBA52CGU6T, STM32WL5MOCH6, STM32WL5MOCH6TR]
2023-05-17 18:35:30,678 [INFO] DbMcus:216 - Found 3775 MCUs, 3775 are supported
2023-05-17 18:35:30,682 [INFO] ApiDb:423 - Load user favorites file /Users/comradeos/.stm32cubeide/favorites.mcus.txt: 0 item(s)
2023-05-17 18:35:30,683 [INFO] ApiDb:427 - User favorites MCUs=[]
2023-05-17 18:35:30,684 [INFO] DbMcus:222 - Set 0 / 0 favorites MCUs
2023-05-17 18:35:31,028 [WARN] ThirdParty:833 - waiting for thirdparty lock release [change project]
2023-05-17 18:35:31,029 [INFO] ThirdParty:835 - entering critical section [change project]
2023-05-17 18:35:31,029 [INFO] ThirdParty:1030 - CMSIS Pack Vendor :STMicroelectronics X-CUBE-ISPU 1.1.0
2023-05-17 18:35:31,029 [INFO] ThirdParty:1030 - CMSIS Pack Vendor :RoweBots I-CUBE-UNISONRTOS 5.5.0-4
2023-05-17 18:35:31,029 [INFO] ThirdParty:1030 - CMSIS Pack Vendor :STMicroelectronics X-CUBE-GNSS1 6.0.0
2023-05-17 18:35:31,029 [INFO] ThirdParty:1030 - CMSIS Pack Vendor :STMicroelectronics X-CUBE-AZRTOS-H7 2.1.0
2023-05-17 18:35:31,029 [INFO] ThirdParty:1030 - CMSIS Pack Vendor :STMicroelectronics USB_HOST 2.0.0
2023-05-17 18:35:31,029 [INFO] ThirdParty:1030 - CMSIS Pack Vendor :STMicroelectronics X-CUBE-AZRTOS-F4 1.1.0
2023-05-17 18:35:31,029 [INFO] ThirdParty:1030 - CMSIS Pack Vendor :STMicroelectronics LIBJPEG 8.0.0
2023-05-17 18:35:31,029 [INFO] ThirdParty:1030 - CMSIS Pack Vendor :STMicroelectronics X-CUBE-SMBUS 2.1.0
2023-05-17 18:35:31,029 [INFO] ThirdParty:1030 - CMSIS Pack Vendor :STMicroelectronics USB_DEVICE 3.0.0
2023-05-17 18:35:31,029 [INFO] ThirdParty:1030 - CMSIS Pack Vendor :STMicroelectronics X-CUBE-AI 8.0.0
2023-05-17 18:35:31,029 [INFO] ThirdParty:1030 - CMSIS Pack Vendor :STMicroelectronics X-CUBE-FREERTOS 1.0.1
2023-05-17 18:35:31,029 [INFO] ThirdParty:1030 - CMSIS Pack Vendor :STMicroelectronics X-CUBE-TOUCHGFX 4.21.0
2023-05-17 18:35:31,029 [INFO] ThirdParty:1030 - CMSIS Pack Vendor :STMicroelectronics X-CUBE-TOUCHGFX 4.21.3
2023-05-17 18:35:31,029 [INFO] ThirdParty:1030 - CMSIS Pack Vendor :STMicroelectronics X-CUBE-AZRTOS-F7 1.1.0
2023-05-17 18:35:31,029 [INFO] ThirdParty:1030 - CMSIS Pack Vendor :STMicroelectronics X-CUBE-TOUCHGFX 4.21.4
2023-05-17 18:35:31,029 [INFO] ThirdParty:1030 - CMSIS Pack Vendor :STMicroelectronics X-CUBE-MEMS1 9.4.0
2023-05-17 18:35:31,029 [INFO] ThirdParty:1030 - CMSIS Pack Vendor :STMicroelectronics USB_DEVICE 2.0.0
2023-05-17 18:35:31,029 [INFO] ThirdParty:1030 - CMSIS Pack Vendor :STMicroelectronics X-CUBE-MEMS1 9.6.0
2023-05-17 18:35:31,029 [INFO] ThirdParty:1030 - CMSIS Pack Vendor :STMicroelectronics X-CUBE-AI 7.3.0
2023-05-17 18:35:31,030 [INFO] ThirdParty:1030 - CMSIS Pack Vendor :STMicroelectronics FP-SNS-MOTENV1 4.3.0
2023-05-17 18:35:31,030 [INFO] ThirdParty:1030 - CMSIS Pack Vendor :STMicroelectronics FP-SNS-FLIGHT1 5.0.0
2023-05-17 18:35:31,030 [INFO] ThirdParty:1030 - CMSIS Pack Vendor :STMicroelectronics X-CUBE-ALGOBUILD 1.3.0
2023-05-17 18:35:31,030 [INFO] ThirdParty:1030 - CMSIS Pack Vendor :STMicroelectronics X-CUBE-BLE1 6.2.4
2023-05-17 18:35:31,030 [INFO] ThirdParty:1030 - CMSIS Pack Vendor :STMicroelectronics X-CUBE-AZRTOS-L5 1.1.0
2023-05-17 18:35:31,030 [INFO] ThirdParty:1030 - CMSIS Pack Vendor :STMicroelectronics FreeRTOS 0.0.1
2023-05-17 18:35:31,030 [INFO] ThirdParty:1030 - CMSIS Pack Vendor :emotas I-CUBE-CANOPEN 1.1.3
2023-05-17 18:35:31,030 [INFO] ThirdParty:1030 - CMSIS Pack Vendor :STMicroelectronics X-CUBE-AZRTOS-G0 1.1.0
2023-05-17 18:35:31,030 [INFO] ThirdParty:1030 - CMSIS Pack Vendor :STMicroelectronics X-CUBE-BLEMGR 2.0.0
2023-05-17 18:35:31,030 [INFO] ThirdParty:1030 - CMSIS Pack Vendor :STMicroelectronics X-CUBE-AI 8.0.1
2023-05-17 18:35:31,030 [INFO] ThirdParty:1030 - CMSIS Pack Vendor :STMicroelectronics X-CUBE-SUBG2 5.0.0
2023-05-17 18:35:31,030 [INFO] ThirdParty:1030 - CMSIS Pack Vendor :STMicroelectronics X-CUBE-NFC4 3.0.0
2023-05-17 18:35:31,030 [INFO] ThirdParty:1030 - CMSIS Pack Vendor :STMicroelectronics STM32_WPAN 1.0.0
2023-05-17 18:35:31,030 [INFO] ThirdParty:1030 - CMSIS Pack Vendor :SEGGER I-CUBE-embOS 1.2.1
2023-05-17 18:35:31,030 [INFO] ThirdParty:1030 - CMSIS Pack Vendor :STMicroelectronics lwIP 2.0.3
2023-05-17 18:35:31,030 [INFO] ThirdParty:1030 - CMSIS Pack Vendor :STMicroelectronics X-CUBE-NFC4 2.0.5
2023-05-17 18:35:31,030 [INFO] ThirdParty:1030 - CMSIS Pack Vendor :STMicroelectronics USB_HOST 1.0.0
2023-05-17 18:35:31,030 [INFO] ThirdParty:1030 - CMSIS Pack Vendor :STMicroelectronics X-CUBE-AZRTOS-G4 2.0.0
2023-05-17 18:35:31,031 [INFO] ThirdParty:1030 - CMSIS Pack Vendor :STMicroelectronics PDM2PCM 3.1.0
2023-05-17 18:35:31,031 [INFO] ThirdParty:1030 - CMSIS Pack Vendor :STMicroelectronics X-CUBE-AZRTOS-H7 3.1.0
2023-05-17 18:35:31,031 [INFO] ThirdParty:1030 - CMSIS Pack Vendor :STMicroelectronics X-CUBE-TOF1 3.3.0
2023-05-17 18:35:31,031 [INFO] ThirdParty:1030 - CMSIS Pack Vendor :STMicroelectronics FP-ATR-ASTRA1 1.1.1
2023-05-17 18:35:31,031 [INFO] ThirdParty:1030 - CMSIS Pack Vendor :STMicroelectronics PDM2PCM 3.3.0
2023-05-17 18:35:31,031 [INFO] ThirdParty:1030 - CMSIS Pack Vendor :STMicroelectronics X-CUBE-DISPLAY 3.0.0
2023-05-17 18:35:31,031 [INFO] ThirdParty:1030 - CMSIS Pack Vendor :STMicroelectronics X-CUBE-BLEMGR 1.3.0
2023-05-17 18:35:31,031 [INFO] ThirdParty:1030 - CMSIS Pack Vendor :wolfSSL I-CUBE-wolfSSL 5.5.3
2023-05-17 18:35:31,031 [INFO] ThirdParty:1030 - CMSIS Pack Vendor :STMicroelectronics X-CUBE-AZRTOS-G4 1.0.0
2023-05-17 18:35:31,031 [INFO] ThirdParty:1030 - CMSIS Pack Vendor :STMicroelectronics FP-ATR-SIGFOX1 3.2.0
2023-05-17 18:35:31,031 [INFO] ThirdParty:1030 - CMSIS Pack Vendor :STMicroelectronics X-CUBE-AZRTOS-L4 1.0.0
2023-05-17 18:35:31,031 [INFO] ThirdParty:1030 - CMSIS Pack Vendor :STMicroelectronics HAL Drivers 0.0.0
2023-05-17 18:35:31,031 [INFO] ThirdParty:1030 - CMSIS Pack Vendor :STMicroelectronics MBEDTLS 2.16.2
2023-05-17 18:35:31,031 [INFO] ThirdParty:1030 - CMSIS Pack Vendor :STMicroelectronics X-CUBE-TOUCHGFX 4.20.0
2023-05-17 18:35:31,031 [INFO] ThirdParty:1030 - CMSIS Pack Vendor :STMicroelectronics MBEDTLS 2.14.1
2023-05-17 18:35:31,031 [INFO] ThirdParty:1030 - CMSIS Pack Vendor :STMicroelectronics X-CUBE-NFC7 1.0.0
2023-05-17 18:35:31,031 [INFO] ThirdParty:1030 - CMSIS Pack Vendor :STMicroelectronics X-CUBE-AZRTOS-WL 1.0.0
2023-05-17 18:35:31,031 [INFO] ThirdParty:1030 - CMSIS Pack Vendor :STMicroelectronics X-CUBE-EEPRMA1 4.1.0
2023-05-17 18:35:31,031 [INFO] ThirdParty:1030 - CMSIS Pack Vendor :portGmbH I-Cube-SoM-uGOAL 1.1.0
2023-05-17 18:35:31,031 [INFO] ThirdParty:1030 - CMSIS Pack Vendor :STMicroelectronics X-CUBE-ALS 1.0.1
2023-05-17 18:35:31,031 [INFO] ThirdParty:1030 - CMSIS Pack Vendor :STMicroelectronics ThreadX 1.0.0
2023-05-17 18:35:31,031 [INFO] ThirdParty:1030 - CMSIS Pack Vendor :STMicroelectronics X-CUBE-AZRTOS-WB 1.1.0
2023-05-17 18:35:31,031 [INFO] ThirdParty:1030 - CMSIS Pack Vendor :SEGGER I-CUBE-embOS 1.3.1
2023-05-17 18:35:31,033 [INFO] ThirdParty:1030 - CMSIS Pack Vendor :STMicroelectronics X-CUBE-AZRTOS-L5 1.0.0
2023-05-17 18:35:31,034 [INFO] ThirdParty:1030 - CMSIS Pack Vendor :STMicroelectronics USB_DEVICE 1.0.0
2023-05-17 18:35:31,035 [INFO] ThirdParty:1030 - CMSIS Pack Vendor :STMicroelectronics X-CUBE-EEPRMA1 3.1.1
2023-05-17 18:35:31,035 [INFO] ThirdParty:1030 - CMSIS Pack Vendor :STMicroelectronics ThreadX 0.0.2
2023-05-17 18:35:31,035 [INFO] ThirdParty:1030 - CMSIS Pack Vendor :WES I-CUBE-Cesium 1.3.0
2023-05-17 18:35:31,035 [INFO] ThirdParty:1030 - CMSIS Pack Vendor :STMicroelectronics FP-ATR-ASTRA1 2.0.0
2023-05-17 18:35:31,035 [INFO] ThirdParty:1030 - CMSIS Pack Vendor :STMicroelectronics lwIP 2.1.2
2023-05-17 18:35:31,035 [INFO] ThirdParty:1030 - CMSIS Pack Vendor :STMicroelectronics X-CUBE-SFXS2LP1 4.0.0
2023-05-17 18:35:31,035 [INFO] ThirdParty:1030 - CMSIS Pack Vendor :STMicroelectronics X-CUBE-BLE2 3.3.0
2023-05-17 18:35:31,035 [INFO] ThirdParty:1030 - CMSIS Pack Vendor :STMicroelectronics X-CUBE-DISPLAY 2.2.0
2023-05-17 18:35:31,035 [INFO] ThirdParty:1030 - CMSIS Pack Vendor :STMicroelectronics X-CUBE-TOF1 3.2.0
2023-05-17 18:35:31,035 [INFO] ThirdParty:1030 - CMSIS Pack Vendor :STMicroelectronics PDM2PCM 3.2.0
2023-05-17 18:35:31,035 [INFO] ThirdParty:1030 - CMSIS Pack Vendor :STMicroelectronics X-CUBE-AZRTOS-H7 3.0.0
2023-05-17 18:35:31,038 [INFO] ThirdParty:841 - exiting critical section [change project]
2023-05-17 18:35:31,977 [INFO] PinOutPanel:1499 - setPackage(No Configuration,No Configuration)
2023-05-17 18:35:31,982 [INFO] PinOutPanel:1499 - setPackage(STM32F051R8Tx,LQFP64)
2023-05-17 18:35:32,976 [INFO] UtilMem:75 - Before build in PCC Used Memory: 544200704 Bytes (817889280)
2023-05-17 18:35:34,238 [INFO] UtilMem:75 - After build in PCC Used Memory: 652194816 Bytes (817889280)
2023-05-17 18:35:34,349 [INFO] IPUIPlugin:80 - create IPUIPlugin
2023-05-17 18:35:34,352 [INFO] IPUIPlugin:80 - create IPUIPlugin
2023-05-17 18:35:34,353 [INFO] IPUIPlugin:80 - create IPUIPlugin
2023-05-17 18:35:34,353 [INFO] IPUIPlugin:80 - create IPUIPlugin
2023-05-17 18:35:34,353 [INFO] IPUIPlugin:80 - create IPUIPlugin
2023-05-17 18:35:34,353 [INFO] IPUIPlugin:80 - create IPUIPlugin
2023-05-17 18:35:34,353 [INFO] IPUIPlugin:80 - create IPUIPlugin
2023-05-17 18:35:34,353 [INFO] IPUIPlugin:80 - create IPUIPlugin
2023-05-17 18:35:34,353 [INFO] IPUIPlugin:80 - create IPUIPlugin
2023-05-17 18:35:34,354 [INFO] IPUIPlugin:80 - create IPUIPlugin
2023-05-17 18:35:34,354 [INFO] IPUIPlugin:80 - create IPUIPlugin
2023-05-17 18:35:34,354 [INFO] IPUIPlugin:80 - create IPUIPlugin
2023-05-17 18:35:34,354 [INFO] IPUIPlugin:80 - create IPUIPlugin
2023-05-17 18:35:34,354 [INFO] IPUIPlugin:80 - create IPUIPlugin
2023-05-17 18:35:34,354 [INFO] IPUIPlugin:80 - create IPUIPlugin
2023-05-17 18:35:34,354 [INFO] IPUIPlugin:80 - create IPUIPlugin
2023-05-17 18:35:34,355 [INFO] IPUIPlugin:80 - create IPUIPlugin
2023-05-17 18:35:34,355 [INFO] IPUIPlugin:80 - create IPUIPlugin
2023-05-17 18:35:34,355 [INFO] IPUIPlugin:80 - create IPUIPlugin
2023-05-17 18:35:34,355 [INFO] IPUIPlugin:80 - create IPUIPlugin
2023-05-17 18:35:34,359 [INFO] IPUIPlugin:80 - create IPUIPlugin
2023-05-17 18:35:34,359 [INFO] IPUIPlugin:80 - create IPUIPlugin
2023-05-17 18:35:34,359 [INFO] IPUIPlugin:80 - create IPUIPlugin
2023-05-17 18:35:34,359 [INFO] IPUIPlugin:80 - create IPUIPlugin
2023-05-17 18:35:34,360 [INFO] IPUIPlugin:80 - create IPUIPlugin
2023-05-17 18:35:34,360 [INFO] IPUIPlugin:80 - create IPUIPlugin
2023-05-17 18:35:34,360 [INFO] IPUIPlugin:80 - create IPUIPlugin
2023-05-17 18:35:34,360 [INFO] IPUIPlugin:80 - create IPUIPlugin
2023-05-17 18:35:34,360 [INFO] IPUIPlugin:80 - create IPUIPlugin
2023-05-17 18:35:34,360 [INFO] IPUIPlugin:80 - create IPUIPlugin
2023-05-17 18:35:34,360 [INFO] IPUIPlugin:80 - create IPUIPlugin
2023-05-17 18:35:34,360 [INFO] IPUIPlugin:80 - create IPUIPlugin
2023-05-17 18:35:34,360 [INFO] IPUIPlugin:80 - create IPUIPlugin
2023-05-17 18:35:34,361 [INFO] IPUIPlugin:80 - create IPUIPlugin
2023-05-17 18:35:35,130 [INFO] CADModel:165 - CPN selected for project levelSTM32F051R8T6
2023-05-17 18:35:35,132 [INFO] CADModel:114 - Register for checkConnection events
2023-05-17 18:35:35,178 [INFO] OpenFileManager:328 - Restore cursor
2023-05-17 18:36:38,951 [INFO] UtilMem:75 - End SaveConfig() Used Memory: 491676320 Bytes (817889280)
2023-05-17 18:36:43,315 [INFO] UtilMem:75 - End SaveConfig() Used Memory: 509428064 Bytes (817889280)
2023-05-17 18:36:45,994 [ERROR] FileExtend:455 - File entry not found
2023-05-17 18:36:45,998 [INFO] FileExtend:240 - Unzip File : stm32cube_fw_f0_v1110.zip
2023-05-17 18:36:45,999 [INFO] FileExtend:255 - Standard Zip Deflate
2023-05-17 18:36:50,612 [INFO] ServerAccessManage:473 - Download File stm32cube_fw_f0_v1114.zip
2023-05-17 18:37:10,596 [INFO] FileExtend:240 - Unzip File : stm32cube_fw_f0_v1114.zip
2023-05-17 18:37:10,597 [INFO] FileExtend:255 - Standard Zip Deflate
2023-05-17 18:37:12,940 [INFO] LoadServerPackagesThread:196 - End of LoadServerPackages Thread
2023-05-17 18:37:13,201 [INFO] ThirdPartyModel:298 - Start build external matchings
2023-05-17 18:37:13,245 [INFO] UtilMem:75 - End SaveConfig() Used Memory: 865019984 Bytes (1073741824)
2023-05-17 18:37:13,621 [INFO] ThirdPartyModel:316 - End build external matchings
2023-05-17 18:37:13,636 [INFO] CheckServerUpdateThread:120 - End of CheckServer Thread
2023-05-17 18:37:14,094 [INFO] BlockDiagram:2759 - set Specific Code input for plugin: NVIC
2023-05-17 18:37:14,096 [INFO] BlockDiagram:2759 - set Specific Code input for plugin: USART
2023-05-17 18:37:14,096 [INFO] BlockDiagram:2759 - set Specific Code input for plugin: SYS
2023-05-17 18:37:14,098 [INFO] BlockDiagram:2759 - set Specific Code input for plugin: GPIO
2023-05-17 18:37:14,098 [INFO] BlockDiagram:2759 - set Specific Code input for plugin: RCC
2023-05-17 18:37:14,100 [INFO] CodeGenerator:793 - code generatio: config db path: /Applications/STM32CubeIDE.app/Contents/Eclipse/plugins/com.st.stm32cube.common.mx_6.8.1.202304191431//db/
2023-05-17 18:37:14,542 [INFO] CodeEngine:255 - oldGeneratedFile, /Users/comradeos/Workspace/stm32/Lesson3/MXTmpFiles/license.tmp_save
2023-05-17 18:37:15,371 [INFO] CodeEngine:279 - Generated code: /Users/comradeos/Workspace/stm32/Lesson3/MXTmpFiles/license.tmp
2023-05-17 18:37:15,600 [INFO] CodeEngine:255 - oldGeneratedFile, /Users/comradeos/Workspace/stm32/Lesson3/MXTmpFiles/gpio.tmp_save
2023-05-17 18:37:15,839 [INFO] CodeEngine:279 - Generated code: /Users/comradeos/Workspace/stm32/Lesson3/MXTmpFiles/gpio.tmp
2023-05-17 18:37:16,146 [INFO] CodeEngine:255 - oldGeneratedFile, /Users/comradeos/Workspace/stm32/Lesson3/Core/Src/stm32f0xx_it.c_save
2023-05-17 18:37:16,434 [INFO] CodeEngine:279 - Generated code: /Users/comradeos/Workspace/stm32/Lesson3/Core/Src/stm32f0xx_it.c
2023-05-17 18:37:16,437 [INFO] CodeEngine:255 - oldGeneratedFile, /Users/comradeos/Workspace/stm32/Lesson3/Core/Inc/stm32f0xx_it.h_save
2023-05-17 18:37:16,584 [INFO] CodeEngine:279 - Generated code: /Users/comradeos/Workspace/stm32/Lesson3/Core/Inc/stm32f0xx_it.h
2023-05-17 18:37:16,590 [INFO] CodeEngine:255 - oldGeneratedFile, /Users/comradeos/Workspace/stm32/Lesson3/Core/Src/stm32f0xx_hal_msp.c_save
2023-05-17 18:37:16,799 [INFO] CodeEngine:279 - Generated code: /Users/comradeos/Workspace/stm32/Lesson3/Core/Src/stm32f0xx_hal_msp.c
2023-05-17 18:37:16,802 [INFO] CodeEngine:255 - oldGeneratedFile, /Users/comradeos/Workspace/stm32/Lesson3/MXTmpFiles/system.tmp_save
2023-05-17 18:37:16,880 [INFO] CodeEngine:279 - Generated code: /Users/comradeos/Workspace/stm32/Lesson3/MXTmpFiles/system.tmp
2023-05-17 18:37:16,887 [INFO] CodeEngine:311 - oldGeneratedFile, /Users/comradeos/Workspace/stm32/Lesson3/Core/Inc/stm32f0xx_hal_conf.h_save
2023-05-17 18:37:16,983 [INFO] CodeEngine:335 - Generated code: /Users/comradeos/Workspace/stm32/Lesson3/Core/Inc/stm32f0xx_hal_conf.h
2023-05-17 18:37:17,052 [INFO] CodeEngine:255 - oldGeneratedFile, /Users/comradeos/Workspace/stm32/Lesson3/Core/Inc/main.h_save
2023-05-17 18:37:17,168 [INFO] CodeEngine:279 - Generated code: /Users/comradeos/Workspace/stm32/Lesson3/Core/Inc/main.h
2023-05-17 18:37:17,170 [INFO] CodeEngine:255 - oldGeneratedFile, /Users/comradeos/Workspace/stm32/Lesson3/Core/Src/main.c_save
2023-05-17 18:37:17,512 [INFO] CodeEngine:279 - Generated code: /Users/comradeos/Workspace/stm32/Lesson3/Core/Src/main.c
2023-05-17 18:37:18,136 [INFO] ProjectBuilder:2996 - Time for Copy HAL[1] : 47mS.
2023-05-17 18:37:18,166 [INFO] ProjectBuilder:4304 - Project Generator version: 3.19.2
2023-05-17 18:37:18,634 [INFO] ConfigFileManager:1483 - The Die is : DIE440
2023-05-17 18:37:18,658 [INFO] ApiDbMcu:507 - Load IP Config File for FATFS
2023-05-17 18:37:18,668 [INFO] ApiDbMcu:507 - Load IP Config File for FREERTOS
2023-05-17 18:37:18,687 [INFO] ApiDbMcu:507 - Load IP Config File for TOUCHSENSING
2023-05-17 18:37:20,043 [INFO] LogOutputStream:77 - [STDOUT_REDIRECT] 
2023-05-17 18:37:23,563 [INFO] ProjectBuilder:4505 - Time for Generating toolchain IDE Files: 5386mS.
2023-05-17 18:37:23,573 [INFO] ProjectBuilder:2867 - Time for Copy CMSIS : 3mS.
2023-05-17 18:37:23,576 [INFO] ProjectBuilder:2867 - Time for Copy CMSIS : 1mS.
2023-05-17 18:37:27,811 [ERROR] LogOutputStream:75 - [STDERR_REDIRECT] 
