23:22:28 **** Build of configuration Debug for project HelloCSTM32 ****
make all 
Building file: ../main.c
Invoking: GCC C Compiler
gcc -O0 -g3 -Wall -c -fmessage-length=0 -MMD -MP -MF"main.d" -MT"main.o" -o "main.o" "../main.c"
Finished building: ../main.c
 
Building target: HelloCSTM32
Invoking: MacOS X C Linker
gcc  -o "HelloCSTM32"  ./main.o   
Finished building target: HelloCSTM32
 

23:22:29 Build Finished. 0 errors, 0 warnings. (took 809ms)

23:23:01 **** Incremental Build of configuration Debug for project HelloCSTM32 ****
make all 
make: Nothing to be done for `all'.
23:23:09 **** Incremental Build of configuration Debug for project HelloCSTM32 ****
make all 
make: Nothing to be done for `all'.
11:29:14 **** Incremental Build of configuration Debug for project HelloCSTM32 ****
make all 
make: Nothing to be done for `all'.
